<?xml version="1.0" encoding="UTF-8"?>
<!-- Generated by org.testng.reporters.JUnitReportReporter -->
<testsuite hostname="soc-5CG1443SPF" failures="0" tests="1" name="restAPI.DeleteRequest" time="1.044" errors="0" timestamp="22 Feb 2025 08:26:06 GMT" skipped="0">
  <testcase classname="restAPI.DeleteRequest" name="test1" time="1.044"/>
</testsuite> <!-- restAPI.DeleteRequest -->
