<?xml version="1.0" encoding="UTF-8"?>
<!-- Generated by org.testng.reporters.JUnitReportReporter -->
<testsuite hostname="soc-5CG1443SPF" failures="0" tests="1" name="restAPI.GetRequest" time="1.339" errors="0" timestamp="23 Feb 2025 13:49:14 GMT" skipped="0">
  <testcase classname="restAPI.GetRequest" name="test1" time="1.339"/>
</testsuite> <!-- restAPI.GetRequest -->
