<?xml version="1.0" encoding="UTF-8"?>
<!-- Generated by org.testng.reporters.JUnitReportReporter -->
<testsuite hostname="soc-5CG1443SPF" failures="0" tests="1" name="apiChaining.EndToEndTesting" time="1.700" errors="0" timestamp="23 Feb 2025 13:54:24 GMT" skipped="0">
  <testcase classname="apiChaining.EndToEndTesting" name="test1" time="1.700"/>
</testsuite> <!-- apiChaining.EndToEndTesting -->
