<?xml version="1.0" encoding="UTF-8"?>
<!-- Generated by org.testng.reporters.JUnitReportReporter -->
<testsuite hostname="soc-5CG1443SPF" failures="0" tests="1" name="restAPI.PostRequestWithFile" time="1.620" errors="0" timestamp="21 Feb 2025 12:54:28 GMT" skipped="0">
  <testcase classname="restAPI.PostRequestWithFile" name="test1" time="1.620"/>
</testsuite> <!-- restAPI.PostRequestWithFile -->
