<?xml version="1.0" encoding="UTF-8"?>
<!-- Generated by org.testng.reporters.JUnitReportReporter -->
<testsuite hostname="soc-5CG1443SPF" failures="0" tests="1" name="restAPI.PutRequest" time="1.525" errors="0" timestamp="22 Feb 2025 08:04:48 GMT" skipped="0">
  <testcase classname="restAPI.PutRequest" name="test1" time="1.525"/>
</testsuite> <!-- restAPI.PutRequest -->
