<?xml version="1.0" encoding="UTF-8"?>
<!-- Generated by org.testng.reporters.JUnitReportReporter -->
<testsuite hostname="soc-5CG1443SPF" failures="0" tests="1" name="restAPI.PostRequest" time="1.390" errors="0" timestamp="17 Feb 2025 07:45:12 GMT" skipped="0">
  <testcase classname="restAPI.PostRequest" name="test1" time="1.390"/>
</testsuite> <!-- restAPI.PostRequest -->
