<?xml version="1.0" encoding="UTF-8"?>
<!-- Generated by org.testng.reporters.JUnitReportReporter -->
<testsuite hostname="soc-5CG1443SPF" failures="0" tests="1" name="restAPI.PostRequestWithJsonObject" time="1.428" errors="0" timestamp="17 Feb 2025 08:22:49 GMT" skipped="0">
  <testcase classname="restAPI.PostRequestWithJsonObject" name="test1" time="1.428"/>
</testsuite> <!-- restAPI.PostRequestWithJsonObject -->
