<?xml version="1.0" encoding="UTF-8"?>
<!-- Generated by org.testng.reporters.JUnitReportReporter -->
<testsuite hostname="soc-5CG1443SPF" failures="0" tests="1" name="restAPI.PostRequestWithMap" time="1.756" errors="0" timestamp="21 Feb 2025 12:50:08 GMT" skipped="0">
  <testcase classname="restAPI.PostRequestWithMap" name="test1" time="1.756"/>
</testsuite> <!-- restAPI.PostRequestWithMap -->
