<?xml version="1.0" encoding="UTF-8"?>
<!-- Generated by org.testng.reporters.JUnitReportReporter -->
<testsuite hostname="soc-5CG1443SPF" failures="0" tests="1" name="restAPI.GetRequestWithParams" time="1.426" errors="0" timestamp="17 Feb 2025 07:05:00 GMT" skipped="0">
  <testcase classname="restAPI.GetRequestWithParams" name="test1" time="1.426"/>
</testsuite> <!-- restAPI.GetRequestWithParams -->
