<?xml version="1.0" encoding="UTF-8"?>
<!-- Generated by org.testng.reporters.JUnitReportReporter -->
<testsuite skipped="0" hostname="soc-5CG1443SPF" name="apiChaining.EndToEndTesting" tests="1" failures="0" timestamp="23 Feb 2025 14:34:12 GMT" time="11.513" errors="0">
  <testcase name="test1" time="11.513" classname="apiChaining.EndToEndTesting"/>
</testsuite> <!-- apiChaining.EndToEndTesting -->
